<?xml version="1.0" encoding="UTF-8" standalone="no"?>
<!DOCTYPE log SYSTEM "logger.dtd">
<log>
<record>
  <date>2015-10-19T23:13:09</date>
  <millis>1445314389244</millis>
  <sequence>0</sequence>
  <logger>Main</logger>
  <level>FINER</level>
  <class>Main$3</class>
  <method>actionPerformed</method>
  <thread>13</thread>
  <message>Red entrenada en 35 iteraciones 
W=[2,0,-1,-1,0,0,-2,-2,-1,-1,0,0,-2,0,-1,-1,0,0,0,0,-1,-1,2,2,0,0,-1,-1,0,0,0,0,-1,-1,0,2,
-1,0,-1,-1,0,0,1,1,-1,-1,0,0,1,0,1,1,0,0,0,0,-1,-1,-3,-3,0,0,-1,-1,0,0,0,0,-1,-1,0,-1,
-1,-1,0,0,-1,0,0,0,1,1,-1,-1,0,-1,0,0,-1,-1,-1,-1,1,1,-1,-1,-1,-1,1,1,-1,-1,0,-1,0,0,-1,-1,
-3,0,2,2,0,-2,1,1,0,0,0,0,1,0,-4,-4,0,0,0,0,0,0,3,3,0,0,0,-2,0,0,0,0,0,0,0,-3,
1,0,-2,-2,0,2,1,1,0,0,0,0,1,0,-1,-1,0,0,0,0,0,0,0,0,0,0,0,2,0,0,0,0,0,0,0,1,
]
b=[-1,-1,0,0,0,]
</message>
</record>
<record>
  <date>2015-10-19T23:14:18</date>
  <millis>1445314458213</millis>
  <sequence>1</sequence>
  <logger>Main</logger>
  <level>FINER</level>
  <class>Main$2</class>
  <method>actionPerformed</method>
  <thread>13</thread>
  <message>Reconociendo patrón: 
1 1 0 1 1 0 
0 0 0 0 0 0 
0 1 1 0 1 1 
1 1 0 0 1 1 
1 1 0 0 1 1 
0 1 1 1 1 1 

 t= 10000
</message>
</record>
<record>
  <date>2015-10-19T23:15:01</date>
  <millis>1445314501296</millis>
  <sequence>3</sequence>
  <logger>Main</logger>
  <level>FINER</level>
  <class>Main$2</class>
  <method>actionPerformed</method>
  <thread>13</thread>
  <message>Reconociendo patrón: 
0 1 1 1 1 0 
0 1 0 0 0 1 
1 1 1 1 1 0 
1 1 0 0 0 0 
1 1 0 0 0 0 
0 1 1 1 1 0 

 t= 01000
</message>
</record>
<record>
  <date>2015-10-19T23:15:16</date>
  <millis>1445314516153</millis>
  <sequence>4</sequence>
  <logger>Main</logger>
  <level>FINER</level>
  <class>Main$2</class>
  <method>actionPerformed</method>
  <thread>13</thread>
  <message>Reconociendo patrón: 
0 0 1 0 0 0 
0 0 0 0 0 0 
0 0 1 0 0 0 
0 0 1 0 0 0 
0 0 1 0 0 0 
0 0 1 0 0 0 

 t= 00100
</message>
</record>
<record>
  <date>2015-10-19T23:16:15</date>
  <millis>1445314575678</millis>
  <sequence>11</sequence>
  <logger>Main</logger>
  <level>FINER</level>
  <class>Main$2</class>
  <method>actionPerformed</method>
  <thread>13</thread>
  <message>Reconociendo patrón: 
0 1 1 1 1 0 
0 1 0 0 1 0 
0 1 0 0 0 0 
0 1 0 0 1 0 
0 1 0 0 1 0 
0 1 1 1 1 0 

 t= 00010
</message>
</record>
<record>
  <date>2015-10-19T23:16:33</date>
  <millis>1445314593668</millis>
  <sequence>12</sequence>
  <logger>Main</logger>
  <level>FINER</level>
  <class>Main$2</class>
  <method>actionPerformed</method>
  <thread>13</thread>
  <message>Reconociendo patrón: 
1 0 0 0 0 1 
1 0 0 0 0 1 
1 0 0 0 0 1 
1 0 0 0 0 1 
1 0 0 1 0 1 
0 1 1 1 1 1 

 t= 00001
</message>
</record>
</log>
